<?xml version="1.0" encoding="UTF-8"?>
<!-- Generated by org.testng.reporters.JUnitReportReporter -->
<testsuite skipped="1" hostname="LAPTOP-GORURFBI" name="org.login.tester.Sam2" tests="5" failures="0" timestamp="22 Feb 2021 11:18:17 GMT" time="4.319" errors="0">
  <testcase name="tc2" time="0.010" classname="org.login.tester.Sam2"/>
  <testcase name="tc2" time="0.002" classname="org.login.tester.Sam2"/>
  <testcase name="tc2" time="0.001" classname="org.login.tester.Sam2"/>
  <testcase name="tc1" time="4.306" classname="org.login.tester.Sam2"/>
  <testcase name="tc3" classname="org.login.tester.Sam2">
    <skipped/>
  </testcase> <!-- tc3 -->
</testsuite> <!-- org.login.tester.Sam2 -->
